2018-03-01 16:33:52.740  INFO 11308 --- [restartedMain] org.swp.marxism.MarxismApplication       : Starting MarxismApplication on music-OptiPlex-755 with PID 11308 (/home/git/marxism/target/classes started by jack in /home/git/marxism)
2018-03-01 16:33:52.746 DEBUG 11308 --- [restartedMain] org.swp.marxism.MarxismApplication       : Running with Spring Boot v1.5.9.RELEASE, Spring v4.3.13.RELEASE
2018-03-01 16:33:52.748  INFO 11308 --- [restartedMain] org.swp.marxism.MarxismApplication       : No active profile set, falling back to default profiles: default
2018-03-01 16:33:53.389  INFO 11308 --- [restartedMain] ationConfigEmbeddedWebApplicationContext : Refreshing org.springframework.boot.context.embedded.AnnotationConfigEmbeddedWebApplicationContext@75812db3: startup date [Thu Mar 01 16:33:53 GMT 2018]; root of context hierarchy
2018-03-01 16:33:57.267  INFO 11308 --- [restartedMain] s.b.c.e.t.TomcatEmbeddedServletContainer : Tomcat initialized with port(s): 8080 (http)
2018-03-01 16:33:57.350  INFO 11308 --- [restartedMain] o.apache.catalina.core.StandardService   : Starting service [Tomcat]
2018-03-01 16:33:57.367  INFO 11308 --- [restartedMain] org.apache.catalina.core.StandardEngine  : Starting Servlet Engine: Apache Tomcat/8.5.23
2018-03-01 16:33:57.578  INFO 11308 --- [localhost-startStop-1] o.a.c.c.C.[Tomcat].[localhost].[/]       : Initializing Spring embedded WebApplicationContext
2018-03-01 16:33:57.579  INFO 11308 --- [localhost-startStop-1] o.s.web.context.ContextLoader            : Root WebApplicationContext: initialization completed in 4196 ms
2018-03-01 16:33:57.979  INFO 11308 --- [localhost-startStop-1] o.s.b.w.servlet.FilterRegistrationBean   : Mapping filter: 'characterEncodingFilter' to: [/*]
2018-03-01 16:33:57.981  INFO 11308 --- [localhost-startStop-1] o.s.b.w.servlet.FilterRegistrationBean   : Mapping filter: 'hiddenHttpMethodFilter' to: [/*]
2018-03-01 16:33:57.982  INFO 11308 --- [localhost-startStop-1] o.s.b.w.servlet.FilterRegistrationBean   : Mapping filter: 'httpPutFormContentFilter' to: [/*]
2018-03-01 16:33:57.982  INFO 11308 --- [localhost-startStop-1] o.s.b.w.servlet.FilterRegistrationBean   : Mapping filter: 'requestContextFilter' to: [/*]
2018-03-01 16:33:57.985  INFO 11308 --- [localhost-startStop-1] .s.DelegatingFilterProxyRegistrationBean : Mapping filter: 'springSecurityFilterChain' to: [/*]
2018-03-01 16:33:57.986  INFO 11308 --- [localhost-startStop-1] o.s.b.w.servlet.FilterRegistrationBean   : Mapping filter: 'resourceUrlEncodingFilter' to: [/*]
2018-03-01 16:33:57.988  INFO 11308 --- [localhost-startStop-1] o.s.b.w.servlet.ServletRegistrationBean  : Mapping servlet: 'dispatcherServlet' to [/]
2018-03-01 16:33:59.105  INFO 11308 --- [restartedMain] j.LocalContainerEntityManagerFactoryBean : Building JPA container EntityManagerFactory for persistence unit 'default'
2018-03-01 16:33:59.139  INFO 11308 --- [restartedMain] o.hibernate.jpa.internal.util.LogHelper  : HHH000204: Processing PersistenceUnitInfo [
	name: default
	...]
2018-03-01 16:33:59.560  INFO 11308 --- [restartedMain] org.hibernate.Version                    : HHH000412: Hibernate Core {5.0.12.Final}
2018-03-01 16:33:59.562  INFO 11308 --- [restartedMain] org.hibernate.cfg.Environment            : HHH000206: hibernate.properties not found
2018-03-01 16:33:59.569  INFO 11308 --- [restartedMain] org.hibernate.cfg.Environment            : HHH000021: Bytecode provider name : javassist
2018-03-01 16:33:59.660  INFO 11308 --- [restartedMain] o.hibernate.annotations.common.Version   : HCANN000001: Hibernate Commons Annotations {5.0.1.Final}
2018-03-01 16:33:59.875  INFO 11308 --- [restartedMain] org.hibernate.dialect.Dialect            : HHH000400: Using dialect: org.hibernate.dialect.MySQL5Dialect
2018-03-01 16:34:00.768  INFO 11308 --- [restartedMain] j.LocalContainerEntityManagerFactoryBean : Initialized JPA EntityManagerFactory for persistence unit 'default'
2018-03-01 16:34:01.947  INFO 11308 --- [restartedMain] s.w.s.m.m.a.RequestMappingHandlerAdapter : Looking for @ControllerAdvice: org.springframework.boot.context.embedded.AnnotationConfigEmbeddedWebApplicationContext@75812db3: startup date [Thu Mar 01 16:33:53 GMT 2018]; root of context hierarchy
2018-03-01 16:34:02.181  INFO 11308 --- [restartedMain] s.w.s.m.m.a.RequestMappingHandlerMapping : Mapped "{[/bookings/],methods=[GET]}" onto public java.lang.String org.swp.marxism.controller.BackendController.home(org.springframework.ui.Model)
2018-03-01 16:34:02.184  INFO 11308 --- [restartedMain] s.w.s.m.m.a.RequestMappingHandlerMapping : Mapped "{[/bookings/charts],methods=[GET]}" onto public java.lang.String org.swp.marxism.controller.BackendController.charts(org.springframework.ui.Model)
2018-03-01 16:34:02.200  INFO 11308 --- [restartedMain] s.w.s.m.m.a.RequestMappingHandlerMapping : Mapped "{[/],methods=[GET]}" onto public java.lang.String org.swp.marxism.controller.HomeController.home(org.springframework.ui.Model)
2018-03-01 16:34:02.204  INFO 11308 --- [restartedMain] s.w.s.m.m.a.RequestMappingHandlerMapping : Mapped "{[/book],methods=[POST]}" onto public java.lang.String org.swp.marxism.controller.HomeController.book(org.swp.marxism.domain.Booking,org.springframework.validation.BindingResult,org.springframework.ui.Model)
2018-03-01 16:34:02.219  INFO 11308 --- [restartedMain] s.w.s.m.m.a.RequestMappingHandlerMapping : Mapped "{[/book],methods=[GET]}" onto public java.lang.String org.swp.marxism.controller.HomeController.book(org.springframework.ui.Model)
2018-03-01 16:34:02.219  INFO 11308 --- [restartedMain] s.w.s.m.m.a.RequestMappingHandlerMapping : Mapped "{[/modal/{content}],methods=[GET]}" onto public java.lang.String org.swp.marxism.controller.HomeController.modalContent(java.lang.String,org.springframework.ui.Model)
2018-03-01 16:34:02.221  INFO 11308 --- [restartedMain] s.w.s.m.m.a.RequestMappingHandlerMapping : Mapped "{[/sendEmail],methods=[POST]}" onto public java.lang.String org.swp.marxism.controller.HomeController.sendEmail(org.swp.marxism.controller.command.ContactForm,org.springframework.validation.BindingResult,org.springframework.ui.Model)
2018-03-01 16:34:02.238  INFO 11308 --- [restartedMain] s.w.s.m.m.a.RequestMappingHandlerMapping : Mapped "{[/error],produces=[text/html]}" onto public org.springframework.web.servlet.ModelAndView org.springframework.boot.autoconfigure.web.BasicErrorController.errorHtml(javax.servlet.http.HttpServletRequest,javax.servlet.http.HttpServletResponse)
2018-03-01 16:34:02.254  INFO 11308 --- [restartedMain] s.w.s.m.m.a.RequestMappingHandlerMapping : Mapped "{[/error]}" onto public org.springframework.http.ResponseEntity<java.util.Map<java.lang.String, java.lang.Object>> org.springframework.boot.autoconfigure.web.BasicErrorController.error(javax.servlet.http.HttpServletRequest)
2018-03-01 16:34:02.318  INFO 11308 --- [restartedMain] o.s.w.s.h.BeanNameUrlHandlerMapping      : Root mapping to handler '/'
2018-03-01 16:34:02.365  INFO 11308 --- [restartedMain] o.s.w.s.handler.SimpleUrlHandlerMapping  : Mapped URL path [/webjars/**] onto handler of type [class org.springframework.web.servlet.resource.ResourceHttpRequestHandler]
2018-03-01 16:34:02.368  INFO 11308 --- [restartedMain] o.s.w.s.handler.SimpleUrlHandlerMapping  : Mapped URL path [/**] onto handler of type [class org.springframework.web.servlet.resource.ResourceHttpRequestHandler]
2018-03-01 16:34:02.453  INFO 11308 --- [restartedMain] o.s.w.s.handler.SimpleUrlHandlerMapping  : Mapped URL path [/**/favicon.ico] onto handler of type [class org.springframework.web.servlet.resource.ResourceHttpRequestHandler]
2018-03-01 16:34:03.442  INFO 11308 --- [restartedMain] o.s.s.web.DefaultSecurityFilterChain     : Creating filter chain: OrRequestMatcher [requestMatchers=[Ant [pattern='/img/**'], Ant [pattern='/css/**'], Ant [pattern='/plugins/**'], Ant [pattern='/js/**'], Ant [pattern='/'], Ant [pattern='/book'], Ant [pattern='/error']]], []
2018-03-01 16:34:03.585  INFO 11308 --- [restartedMain] o.s.s.web.DefaultSecurityFilterChain     : Creating filter chain: OrRequestMatcher [requestMatchers=[Ant [pattern='/**']]], [org.springframework.security.web.context.request.async.WebAsyncManagerIntegrationFilter@28dc6c7d, org.springframework.security.web.context.SecurityContextPersistenceFilter@78d9d24, org.springframework.security.web.header.HeaderWriterFilter@5fbdc492, org.springframework.security.web.authentication.logout.LogoutFilter@401a2f6a, org.springframework.security.web.authentication.www.BasicAuthenticationFilter@4e4d0568, org.springframework.security.web.savedrequest.RequestCacheAwareFilter@3babc2ed, org.springframework.security.web.servletapi.SecurityContextHolderAwareRequestFilter@129b591b, org.springframework.security.web.authentication.AnonymousAuthenticationFilter@5445622c, org.springframework.security.web.session.SessionManagementFilter@5fd3b1b1, org.springframework.security.web.access.ExceptionTranslationFilter@15ce7265, org.springframework.security.web.access.intercept.FilterSecurityInterceptor@714d68c4]
2018-03-01 16:34:03.859  INFO 11308 --- [restartedMain] o.s.b.d.a.OptionalLiveReloadServer       : LiveReload server is running on port 35729
2018-03-01 16:34:03.974  INFO 11308 --- [restartedMain] o.s.j.e.a.AnnotationMBeanExporter        : Registering beans for JMX exposure on startup
2018-03-01 16:34:04.084  INFO 11308 --- [restartedMain] s.b.c.e.t.TomcatEmbeddedServletContainer : Tomcat started on port(s): 8080 (http)
2018-03-01 16:34:04.099  INFO 11308 --- [restartedMain] org.swp.marxism.MarxismApplication       : Started MarxismApplication in 11.942 seconds (JVM running for 12.637)
2018-03-01 16:35:35.781  INFO 11308 --- [Thread-10] ationConfigEmbeddedWebApplicationContext : Closing org.springframework.boot.context.embedded.AnnotationConfigEmbeddedWebApplicationContext@75812db3: startup date [Thu Mar 01 16:33:53 GMT 2018]; root of context hierarchy
2018-03-01 16:35:35.791  INFO 11308 --- [Thread-10] o.s.j.e.a.AnnotationMBeanExporter        : Unregistering JMX-exposed beans on shutdown
2018-03-01 16:35:35.796  INFO 11308 --- [Thread-10] j.LocalContainerEntityManagerFactoryBean : Closing JPA EntityManagerFactory for persistence unit 'default'
